<?xml version="1.0" encoding="UTF-8"?>
<!-- Generated by org.testng.reporters.JUnitXMLReporter -->
<testsuite hostname="v-rissin" ignored="4" name="Test" tests="2" failures="0" timestamp="01 Oct 2019 08:47:42 GMT" time="4.673" errors="0">
  <testcase name="Login3" time="1.711" classname="com.guru99.testcases.Login_validation_framework"/>
  <testcase name="Login4" time="2.935" classname="com.guru99.testcases.Login_validation_framework"/>
  <testcase name="Login" time="0.0" classname="com.guru99.testcases.Login_validation_framework">
    <ignored/>
  </testcase> <!-- Login -->
  <testcase name="@AfterSuite tearDown" time="0.0" classname="com.guru99.testcases.BaseClass">
    <ignored/>
  </testcase> <!-- @AfterSuite tearDown -->
  <testcase name="Login1" time="0.0" classname="com.guru99.testcases.Login_validation_framework">
    <ignored/>
  </testcase> <!-- Login1 -->
  <testcase name="@BeforeSuite setUp" time="0.0" classname="com.guru99.testcases.BaseClass">
    <ignored/>
  </testcase> <!-- @BeforeSuite setUp -->
</testsuite> <!-- Test -->
