<?xml version="1.0" encoding="UTF-8"?>
<!-- Generated by org.testng.reporters.JUnitXMLReporter -->
<testsuite hostname="v-rissin" ignored="2" name="Test" tests="4" failures="0" timestamp="01 Oct 2019 08:36:24 GMT" time="18.751" errors="0">
  <testcase name="Login" time="6.642" classname="com.guru99.testcases.Login_validation_framework"/>
  <testcase name="Login1" time="2.861" classname="com.guru99.testcases.Login_validation_framework"/>
  <testcase name="Login3" time="3.474" classname="com.guru99.testcases.Login_validation_framework"/>
  <testcase name="Login4" time="5.756" classname="com.guru99.testcases.Login_validation_framework"/>
  <testcase name="@AfterSuite tearDown" time="0.0" classname="com.guru99.testcases.BaseClass">
    <ignored/>
  </testcase> <!-- @AfterSuite tearDown -->
  <testcase name="@BeforeSuite setUp" time="0.0" classname="com.guru99.testcases.BaseClass">
    <ignored/>
  </testcase> <!-- @BeforeSuite setUp -->
</testsuite> <!-- Test -->
