<?xml version="1.0" encoding="UTF-8"?>
<testng-results skipped="0" failed="0" ignored="2" total="6" passed="4">
  <reporter-output>
  </reporter-output>
  <suite name="Suite" duration-ms="18751" started-at="2019-10-01T08:36:05Z" finished-at="2019-10-01T08:36:24Z">
    <groups>
    </groups>
    <test name="Test" duration-ms="18751" started-at="2019-10-01T08:36:05Z" finished-at="2019-10-01T08:36:24Z">
      <class name="com.guru99.testcases.BaseClass">
        <test-method status="PASS" signature="setUp()[pri:0, instance:com.guru99.testcases.BaseClass@1936f0f5]" name="setUp" is-config="true" duration-ms="6739" started-at="2019-10-01T14:05:58Z" finished-at="2019-10-01T14:06:05Z">
          <reporter-output>
          </reporter-output>
        </test-method> <!-- setUp -->
      </class> <!-- com.guru99.testcases.BaseClass -->
      <class name="com.guru99.testcases.Login_validation_framework">
        <test-method status="PASS" signature="Login()[pri:1, instance:com.guru99.testcases.Login_validation_framework@6615435c]" name="Login" duration-ms="6642" started-at="2019-10-01T14:06:05Z" finished-at="2019-10-01T14:06:11Z">
          <reporter-output>
          </reporter-output>
        </test-method> <!-- Login -->
        <test-method status="PASS" signature="Login1()[pri:2, instance:com.guru99.testcases.Login_validation_framework@6615435c]" name="Login1" duration-ms="2861" started-at="2019-10-01T14:06:11Z" finished-at="2019-10-01T14:06:14Z">
          <reporter-output>
          </reporter-output>
        </test-method> <!-- Login1 -->
        <test-method status="PASS" signature="Login3()[pri:3, instance:com.guru99.testcases.Login_validation_framework@6615435c]" name="Login3" duration-ms="3474" started-at="2019-10-01T14:06:14Z" finished-at="2019-10-01T14:06:18Z">
          <reporter-output>
          </reporter-output>
        </test-method> <!-- Login3 -->
        <test-method status="PASS" signature="Login4()[pri:4, instance:com.guru99.testcases.Login_validation_framework@6615435c]" name="Login4" duration-ms="5756" started-at="2019-10-01T14:06:18Z" finished-at="2019-10-01T14:06:24Z">
          <reporter-output>
          </reporter-output>
        </test-method> <!-- Login4 -->
      </class> <!-- com.guru99.testcases.Login_validation_framework -->
    </test> <!-- Test -->
  </suite> <!-- Suite -->
</testng-results>
